<?xml version="1.0" encoding="UTF-8"?>
<!-- Generated by org.testng.reporters.JUnitReportReporter -->
<testsuite hostname="DESKTOP-D6FQT73" failures="0" tests="4" name="org.sample.TestSample" time="0.018" errors="0" timestamp="18 Apr 2024 16:35:15 GMT" skipped="1">
  <testcase classname="org.sample.TestSample" name="tc05" time="0.008"/>
  <testcase classname="org.sample.TestSample" name="tc06" time="0.005"/>
  <testcase classname="org.sample.TestSample" name="tc06" time="0.005"/>
  <testcase classname="org.sample.TestSample" name="tc07">
    <skipped/>
  </testcase> <!-- tc07 -->
</testsuite> <!-- org.sample.TestSample -->
